#
# There is insufficient memory for the Java Runtime Environment to continue.
# Native memory allocation (malloc) failed to allocate 32744 bytes for ChunkPool::allocate
# Possible reasons:
#   The system is out of physical RAM or swap space
#   The process is running with CompressedOops enabled, and the Java Heap may be blocking the growth of the native heap
# Possible solutions:
#   Reduce memory load on the system
#   Increase physical memory or swap space
#   Check if swap backing store is full
#   Decrease Java heap size (-Xmx/-Xms)
#   Decrease number of Java threads
#   Decrease Java thread stack sizes (-Xss)
#   Set larger code cache with -XX:ReservedCodeCacheSize=
#   JVM is running with Zero Based Compressed Oops mode in which the Java heap is
#     placed in the first 32GB address space. The Java Heap base address is the
#     maximum limit for the native heap growth. Please use -XX:HeapBaseMinAddress
#     to set the Java Heap base and to place the Java Heap above 32GB virtual address.
# This output file may be truncated or incomplete.
#
#  Out of Memory Error (allocation.cpp:272), pid=16748, tid=0x0000000000000adc
#
# JRE version: Java(TM) SE Runtime Environment (8.0_202-b08) (build 1.8.0_202-b08)
# Java VM: Java HotSpot(TM) 64-Bit Server VM (25.202-b08 mixed mode windows-amd64 compressed oops)
# Failed to write core dump. Minidumps are not enabled by default on client versions of Windows
#

---------------  T H R E A D  ---------------

Current thread (0x000000001d929000):  JavaThread "C1 CompilerThread3" daemon [_thread_in_native, id=2780, stack(0x000000001f260000,0x000000001f360000)]

Stack: [0x000000001f260000,0x000000001f360000]
[error occurred during error reporting (printing stack bounds), id 0xc0000005]

Native frames: (J=compiled Java code, j=interpreted, Vv=VM code, C=native code)


Current CompileTask:
C1:    570  425       3       javax.swing.plaf.nimbus.NimbusStyle::validate (1178 bytes)


---------------  P R O C E S S  ---------------

Java Threads: ( => current thread )
  0x00000000025f2800 JavaThread "DestroyJavaVM" [_thread_blocked, id=17684, stack(0x0000000002430000,0x0000000002530000)]
  0x000000001f7cf800 JavaThread "AWT-EventQueue-0" [_thread_in_native, id=9012, stack(0x0000000021690000,0x0000000021790000)]
  0x000000001f7b5000 JavaThread "AWT-Windows" daemon [_thread_in_native, id=21064, stack(0x00000000200b0000,0x00000000201b0000)]
  0x000000001f7b0800 JavaThread "AWT-Shutdown" [_thread_blocked, id=20760, stack(0x000000001ffb0000,0x00000000200b0000)]
  0x000000001f7b0000 JavaThread "Java2D Disposer" daemon [_thread_blocked, id=9872, stack(0x000000001feb0000,0x000000001ffb0000)]
  0x000000001d999800 JavaThread "Service Thread" daemon [_thread_blocked, id=10780, stack(0x000000001f360000,0x000000001f460000)]
=>0x000000001d929000 JavaThread "C1 CompilerThread3" daemon [_thread_in_native, id=2780, stack(0x000000001f260000,0x000000001f360000)]
  0x000000001d923800 JavaThread "C2 CompilerThread2" daemon [_thread_blocked, id=11316, stack(0x000000001f160000,0x000000001f260000)]
  0x000000001d912000 JavaThread "C2 CompilerThread1" daemon [_thread_blocked, id=14380, stack(0x000000001f060000,0x000000001f160000)]
  0x000000001d910800 JavaThread "C2 CompilerThread0" daemon [_thread_in_native, id=7504, stack(0x000000001ef60000,0x000000001f060000)]
  0x000000001d90f800 JavaThread "Attach Listener" daemon [_thread_blocked, id=10456, stack(0x000000001ee60000,0x000000001ef60000)]
  0x000000001d916800 JavaThread "Signal Dispatcher" daemon [_thread_blocked, id=14332, stack(0x000000001ed60000,0x000000001ee60000)]
  0x000000001c222800 JavaThread "Finalizer" daemon [_thread_blocked, id=2776, stack(0x000000001eb60000,0x000000001ec60000)]
  0x000000001d903000 JavaThread "Reference Handler" daemon [_thread_blocked, id=8408, stack(0x000000001ea60000,0x000000001eb60000)]

Other Threads:
  0x000000001c215800 VMThread [stack: 0x000000001e960000,0x000000001ea60000] [id=5964]
  0x000000001d9bd800 WatcherThread [stack: 0x000000001f460000,0x000000001f560000] [id=6736]

VM state:not at safepoint (normal execution)

VM Mutex/Monitor currently owned by a thread: None

heap address: 0x00000006c3600000, size: 4042 MB, Compressed Oops mode: Zero based, Oop shift amount: 3
Narrow klass base: 0x0000000000000000, Narrow klass shift: 3
Compressed class space size: 1073741824 Address: 0x00000007c0000000

Heap:
 PSYoungGen      total 75776K, used 9104K [0x000000076bd00000, 0x0000000771180000, 0x00000007c0000000)
  eden space 65024K, 14% used [0x000000076bd00000,0x000000076c5e4040,0x000000076fc80000)
  from space 10752K, 0% used [0x0000000770700000,0x0000000770700000,0x0000000771180000)
  to   space 10752K, 0% used [0x000000076fc80000,0x000000076fc80000,0x0000000770700000)
 ParOldGen       total 173568K, used 0K [0x00000006c3600000, 0x00000006cdf80000, 0x000000076bd00000)
  object space 173568K, 0% used [0x00000006c3600000,0x00000006c3600000,0x00000006cdf80000)
 Metaspace       used 10589K, capacity 10776K, committed 11008K, reserved 1060864K
  class space    used 1395K, capacity 1478K, committed 1536K, reserved 1048576K

Card table byte_map: [0x0000000011ab0000,0x00000000122a0000] byte_map_base: 0x000000000e495000

Marking Bits: (ParMarkBitMap*) 0x000000005a675ce0
 Begin Bits: [0x00000000131f0000, 0x0000000017118000)
 End Bits:   [0x0000000017118000, 0x000000001b040000)

Polling page: 0x0000000000c40000

CodeCache: size=245760Kb used=1980Kb max_used=1984Kb free=243779Kb
 bounds [0x00000000026f0000, 0x0000000002960000, 0x00000000116f0000]
 total_blobs=827 nmethods=422 adapters=318
 compilation: enabled

Compilation events (10 events):
Event: 0.565 Thread 0x000000001d929000 nmethod 416 0x00000000028db790 code [0x00000000028dba80, 0x00000000028dcf68]
Event: 0.565 Thread 0x000000001d929000  419       3       java.util.StringTokenizer::nextToken (92 bytes)
Event: 0.565 Thread 0x000000001d929000 nmethod 419 0x00000000028d6790 code [0x00000000028d6940, 0x00000000028d6d38]
Event: 0.565 Thread 0x000000001d929000  422       3       javax.swing.plaf.nimbus.NimbusStyle$CacheKey::hashCode (27 bytes)
Event: 0.565 Thread 0x000000001d929000 nmethod 422 0x00000000028d6350 code [0x00000000028d64c0, 0x00000000028d66e8]
Event: 0.565 Thread 0x000000001d929000  424       3       javax.swing.plaf.nimbus.NimbusDefaults$LazyStyle::matches (229 bytes)
Event: 0.565 Thread 0x000000001d912000 nmethod 420 0x00000000028d5cd0 code [0x00000000028d5e20, 0x00000000028d6118]
Event: 0.565 Thread 0x000000001d929000 nmethod 424 0x00000000028deb50 code [0x00000000028dede0, 0x00000000028e0248]
Event: 0.565 Thread 0x000000001d929000  425       3       javax.swing.plaf.nimbus.NimbusStyle::validate (1178 bytes)
Event: 0.567 Thread 0x000000001d910800  427       4       java.util.HashMap::putVal (300 bytes)

GC Heap History (0 events):
No events

Deoptimization events (2 events):
Event: 0.294 Thread 0x00000000025f2800 Uncommon trap: reason=null_check action=make_not_entrant pc=0x000000000285d9bc method=java.lang.String.equals(Ljava/lang/Object;)Z @ 8
Event: 0.556 Thread 0x000000001f7cf800 Uncommon trap: reason=unstable_if action=reinterpret pc=0x00000000028cd920 method=java.util.HashMap.getNode(ILjava/lang/Object;)Ljava/util/HashMap$Node; @ 84

Classes redefined (0 events):
No events

Internal exceptions (10 events):
Event: 0.332 Thread 0x00000000025f2800 Exception <a 'java/lang/ClassNotFoundException': ToolBar> (0x000000076c254780) thrown at [C:\re\workspace\8-2-build-windows-amd64-cygwin\jdk8u202\12323\hotspot\src\share\vm\classfile\systemDictionary.cpp, line 210]
Event: 0.332 Thread 0x00000000025f2800 Exception <a 'java/lang/ClassNotFoundException': ToggleButton> (0x000000076c254d30) thrown at [C:\re\workspace\8-2-build-windows-amd64-cygwin\jdk8u202\12323\hotspot\src\share\vm\classfile\systemDictionary.cpp, line 210]
Event: 0.332 Thread 0x00000000025f2800 Exception <a 'java/lang/ClassNotFoundException': javax/swing/JToolBarSeparator> (0x000000076c255190) thrown at [C:\re\workspace\8-2-build-windows-amd64-cygwin\jdk8u202\12323\hotspot\src\share\vm\classfile\systemDictionary.cpp, line 210]
Event: 0.332 Thread 0x00000000025f2800 Exception <a 'java/lang/ClassNotFoundException': ToolBarSeparator> (0x000000076c255628) thrown at [C:\re\workspace\8-2-build-windows-amd64-cygwin\jdk8u202\12323\hotspot\src\share\vm\classfile\systemDictionary.cpp, line 210]
Event: 0.332 Thread 0x00000000025f2800 Exception <a 'java/lang/ClassNotFoundException': ToolTip> (0x000000076c255d68) thrown at [C:\re\workspace\8-2-build-windows-amd64-cygwin\jdk8u202\12323\hotspot\src\share\vm\classfile\systemDictionary.cpp, line 210]
Event: 0.332 Thread 0x00000000025f2800 Exception <a 'java/lang/ClassNotFoundException': Tree> (0x000000076c256988) thrown at [C:\re\workspace\8-2-build-windows-amd64-cygwin\jdk8u202\12323\hotspot\src\share\vm\classfile\systemDictionary.cpp, line 210]
Event: 0.332 Thread 0x00000000025f2800 Exception <a 'java/lang/ClassNotFoundException': Tree> (0x000000076c2570c8) thrown at [C:\re\workspace\8-2-build-windows-amd64-cygwin\jdk8u202\12323\hotspot\src\share\vm\classfile\systemDictionary.cpp, line 210]
Event: 0.332 Thread 0x00000000025f2800 Exception <a 'java/lang/ClassNotFoundException': javax/swing/JTreeCell> (0x000000076c257448) thrown at [C:\re\workspace\8-2-build-windows-amd64-cygwin\jdk8u202\12323\hotspot\src\share\vm\classfile\systemDictionary.cpp, line 210]
Event: 0.333 Thread 0x00000000025f2800 Exception <a 'java/lang/ClassNotFoundException': TreeCell> (0x000000076c2578d0) thrown at [C:\re\workspace\8-2-build-windows-amd64-cygwin\jdk8u202\12323\hotspot\src\share\vm\classfile\systemDictionary.cpp, line 210]
Event: 0.333 Thread 0x00000000025f2800 Exception <a 'java/lang/ClassNotFoundException': RootPane> (0x000000076c258330) thrown at [C:\re\workspace\8-2-build-windows-amd64-cygwin\jdk8u202\12323\hotspot\src\share\vm\classfile\systemDictionary.cpp, line 210]

Events (10 events):
Event: 0.567 loading class org/netbeans/lib/awtextra/AbsoluteLayout
Event: 0.567 loading class org/netbeans/lib/awtextra/AbsoluteLayout done
Event: 0.567 loading class java/util/jar/Attributes
Event: 0.567 loading class java/util/jar/Attributes done
Event: 0.567 loading class java/util/jar/Manifest$FastInputStream
Event: 0.567 loading class java/util/jar/Manifest$FastInputStream done
Event: 0.567 loading class java/util/jar/Attributes$Name
Event: 0.568 loading class java/util/jar/Attributes$Name done
Event: 0.568 loading class sun/misc/ASCIICaseInsensitiveComparator
Event: 0.568 loading class sun/misc/ASCIICaseInsensitiveComparator done


Dynamic libraries:
0x00007ff781fd0000 - 0x00007ff782007000 	C:\Program Files\Java\jdk1.8.0_202\bin\java.exe
0x00007ff9ab720000 - 0x00007ff9ab929000 	C:\Windows\SYSTEM32\ntdll.dll
0x00007ff9ab220000 - 0x00007ff9ab2dd000 	C:\Windows\System32\KERNEL32.DLL
0x00007ff9a8ea0000 - 0x00007ff9a9219000 	C:\Windows\System32\KERNELBASE.dll
0x00007ff9ab630000 - 0x00007ff9ab6de000 	C:\Windows\System32\ADVAPI32.dll
0x00007ff9aac70000 - 0x00007ff9aad13000 	C:\Windows\System32\msvcrt.dll
0x00007ff9aaf30000 - 0x00007ff9aafce000 	C:\Windows\System32\sechost.dll
0x00007ff9a9af0000 - 0x00007ff9a9c10000 	C:\Windows\System32\RPCRT4.dll
0x00007ff9a9db0000 - 0x00007ff9a9f5c000 	C:\Windows\System32\USER32.dll
0x00007ff9a9580000 - 0x00007ff9a95a6000 	C:\Windows\System32\win32u.dll
0x00007ff9ab600000 - 0x00007ff9ab629000 	C:\Windows\System32\GDI32.dll
0x00007ff9a93e0000 - 0x00007ff9a94f2000 	C:\Windows\System32\gdi32full.dll
0x00007ff9a9220000 - 0x00007ff9a92bd000 	C:\Windows\System32\msvcp_win.dll
0x00007ff9a92c0000 - 0x00007ff9a93d1000 	C:\Windows\System32\ucrtbase.dll
0x00007ff993870000 - 0x00007ff993b15000 	C:\Windows\WinSxS\amd64_microsoft.windows.common-controls_6595b64144ccf1df_6.0.22000.120_none_9d947278b86cc467\COMCTL32.dll
0x00007ff9ab3d0000 - 0x00007ff9ab401000 	C:\Windows\System32\IMM32.DLL
0x0000000059d70000 - 0x0000000059e42000 	C:\Program Files\Java\jdk1.8.0_202\jre\bin\msvcr100.dll
0x0000000059e50000 - 0x000000005a6f5000 	C:\Program Files\Java\jdk1.8.0_202\jre\bin\server\jvm.dll
0x00007ff9aaea0000 - 0x00007ff9aaea8000 	C:\Windows\System32\PSAPI.DLL
0x00007ff9a1e70000 - 0x00007ff9a1e79000 	C:\Windows\SYSTEM32\WSOCK32.dll
0x00007ff99d030000 - 0x00007ff99d063000 	C:\Windows\SYSTEM32\WINMM.dll
0x00007ff9a96f0000 - 0x00007ff9a975f000 	C:\Windows\System32\WS2_32.dll
0x00007ff99ce70000 - 0x00007ff99ce7a000 	C:\Windows\SYSTEM32\VERSION.dll
0x00007ff9a1e40000 - 0x00007ff9a1e4f000 	C:\Program Files\Java\jdk1.8.0_202\jre\bin\verify.dll
0x00007ff977820000 - 0x00007ff977849000 	C:\Program Files\Java\jdk1.8.0_202\jre\bin\java.dll
0x00007ff977b10000 - 0x00007ff977b26000 	C:\Program Files\Java\jdk1.8.0_202\jre\bin\zip.dll
0x00007ff9aa4b0000 - 0x00007ff9aac68000 	C:\Windows\System32\SHELL32.dll
0x00007ff9a6d80000 - 0x00007ff9a75e7000 	C:\Windows\SYSTEM32\windows.storage.dll
0x00007ff9a9760000 - 0x00007ff9a9ad9000 	C:\Windows\System32\combase.dll
0x00007ff9a6c10000 - 0x00007ff9a6d76000 	C:\Windows\SYSTEM32\wintypes.dll
0x00007ff9ab2e0000 - 0x00007ff9ab3ca000 	C:\Windows\System32\SHCORE.dll
0x00007ff9ab030000 - 0x00007ff9ab08d000 	C:\Windows\System32\shlwapi.dll
0x00007ff9a8b30000 - 0x00007ff9a8b51000 	C:\Windows\SYSTEM32\profapi.dll
0x00007ff955170000 - 0x00007ff955309000 	C:\Program Files\Java\jdk1.8.0_202\jre\bin\awt.dll
0x00007ff9a9f60000 - 0x00007ff9aa036000 	C:\Windows\System32\OLEAUT32.dll
0x00007ff9a3520000 - 0x00007ff9a35b1000 	C:\Windows\SYSTEM32\apphelp.dll
0x00007ff9a3600000 - 0x00007ff9a36ac000 	C:\Windows\system32\uxtheme.dll
0x00007ff9a95b0000 - 0x00007ff9a96ce000 	C:\Windows\System32\MSCTF.dll
0x00007ff9a9c10000 - 0x00007ff9a9daa000 	C:\Windows\System32\ole32.dll
0x00007ff9a7df0000 - 0x00007ff9a7e08000 	C:\Windows\SYSTEM32\kernel.appcore.dll
0x00007ff9a9500000 - 0x00007ff9a957f000 	C:\Windows\System32\bcryptPrimitives.dll
0x00007ff9a6700000 - 0x00007ff9a672f000 	C:\Windows\system32\DWMAPI.DLL
0x00007ff965100000 - 0x00007ff965147000 	C:\Program Files\Java\jdk1.8.0_202\jre\bin\fontmanager.dll
0x00007ff978b90000 - 0x00007ff978c91000 	C:\Windows\system32\opengl32.dll
0x00007ff979800000 - 0x00007ff97982d000 	C:\Windows\SYSTEM32\GLU32.dll
0x00007ff9a6160000 - 0x00007ff9a6198000 	C:\Windows\SYSTEM32\dxcore.dll
0x00007ff99ac30000 - 0x00007ff99add6000 	C:\Windows\system32\d3d9.dll
0x00007ff99ce80000 - 0x00007ff99cf97000 	C:\Windows\System32\DriverStore\FileRepository\nvaci.inf_amd64_a309342b77560612\nvldumdx.dll
0x00007ff9a84c0000 - 0x00007ff9a84d2000 	C:\Windows\SYSTEM32\msasn1.dll
0x00007ff99cc90000 - 0x00007ff99ccc1000 	C:\Windows\SYSTEM32\cryptnet.dll
0x00007ff9a8d30000 - 0x00007ff9a8e92000 	C:\Windows\System32\CRYPT32.dll
0x00007ff99cb20000 - 0x00007ff99cc69000 	C:\Windows\SYSTEM32\drvstore.dll
0x00007ff9a8920000 - 0x00007ff9a894c000 	C:\Windows\SYSTEM32\devobj.dll
0x00007ff9a88d0000 - 0x00007ff9a891c000 	C:\Windows\SYSTEM32\cfgmgr32.dll
0x00007ff9a8530000 - 0x00007ff9a8570000 	C:\Windows\SYSTEM32\wldp.dll
0x00007ff9a8480000 - 0x00007ff9a848c000 	C:\Windows\SYSTEM32\cryptbase.dll
0x00007ff9a8cc0000 - 0x00007ff9a8d27000 	C:\Windows\System32\WINTRUST.DLL
0x00007ff9a96d0000 - 0x00007ff9a96ef000 	C:\Windows\System32\imagehlp.dll
0x00007ff9a8460000 - 0x00007ff9a8478000 	C:\Windows\SYSTEM32\CRYPTSP.dll
0x00007ff9a7d50000 - 0x00007ff9a7d85000 	C:\Windows\system32\rsaenh.dll
0x00007ff9a85e0000 - 0x00007ff9a8607000 	C:\Windows\SYSTEM32\bcrypt.dll
0x00007ff8a4d50000 - 0x00007ff8a655a000 	C:\Windows\System32\DriverStore\FileRepository\nvaci.inf_amd64_a309342b77560612\nvd3dumx.dll
0x00007ff9a1920000 - 0x00007ff9a1964000 	C:\Windows\SYSTEM32\directxdatabasehelper.dll
0x00007ff9a65c0000 - 0x00007ff9a65f4000 	C:\Windows\SYSTEM32\ntmarta.dll
0x00007ff924ea0000 - 0x00007ff925005000 	C:\Windows\System32\DriverStore\FileRepository\iigd_dch.inf_amd64_e31d62740aef2af9\igdumdim64.dll
0x00007ff994b00000 - 0x00007ff994ec1000 	C:\Windows\System32\DriverStore\FileRepository\iigd_dch.inf_amd64_e31d62740aef2af9\igdgmm64.dll
0x00007ff8f4ca0000 - 0x00007ff8f4f67000 	C:\Windows\system32\nvspcap64.dll
0x00007ff9a82b0000 - 0x00007ff9a82d4000 	C:\Windows\SYSTEM32\gpapi.dll

VM Arguments:
jvm_args: -Dfile.encoding=UTF-8 
java_command: Resto.team.pbo.view.makanan.TambahMakanan
java_class_path (initial): D:\project\Java\liblary\jar_files.zip;C:\Program Files\NetBeans 8.2\java\modules\ext\AbsoluteLayout.jar;C:\Program Files\NetBeans 8.2\ide\modules\ext\mysql-connector-java-5.1.23-bin.jar;D:\project\Java\AppResto\build\classes
Launcher Type: SUN_STANDARD

Environment Variables:
JAVA_HOME=C:\Program Files\Java\jdk1.8.0_202
PATH=C:\Program Files (x86)\Common Files\Intel\Shared Libraries\redist\intel64\compiler;C:\Program Files (x86)\Common Files\Oracle\Java\javapath;C:\Windows\system32;C:\Windows;C:\Windows\System32\Wbem;C:\Windows\System32\WindowsPowerShell\v1.0\;C:\Windows\System32\OpenSSH\;C:\Program Files\Microsoft VS Code\bin;C:\Program Files\nodejs\;C:\Program Files\NVIDIA Corporation\NVIDIA NvDLISR;C:\Program Files (x86)\NVIDIA Corporation\PhysX\Common;C:\Program Files\Git\cmd;C:\Users\nurha\AppData\Local\Programs\Hyper\resources\bin;C:\xampp\php;C:\ProgramData\ComposerSetup\bin;C:\Program Files\Microsoft SQL Server\150\Tools\Binn\;C:\Program Files\Microsoft SQL Server\Client SDK\ODBC\170\Tools\Binn\;C:\Program Files\dotnet\;C:\Users\nurha\AppData\Local\Microsoft\WindowsApps;C:\Users\nurha\AppData\Roaming\npm;C:\Users\nurha\AppData\Local\Programs\Microsoft VS Code\bin;C:\Users\nurha\AppData\Local\Programs\Hyper\resources\bin;C:\Users\nurha\AppData\Roaming\Composer\vendor\bin;C:\Program Files\JetBrains\PyCharm Community Edition 2022.1.3\bin;;D:\project\python\jgndihapus\spark-3.3.0-bin-hadoop3\bin;D:\project\python\jgndihapus\hadoop\hadoop-3.3.0\bin;C:\Program Files\Java\jdk1.8.0_202;C:\Users\nurha\AppData\Local\Android\Sdk\platform-tools;;C:\Program Files\JetBrains\IntelliJ IDEA Community Edition 2022.1.3\bin;;C:\Users\nurha\.dotnet\tools
USERNAME=nurha
OS=Windows_NT
PROCESSOR_IDENTIFIER=Intel64 Family 6 Model 141 Stepping 1, GenuineIntel



---------------  S Y S T E M  ---------------

OS: Windows 10.0 , 64 bit Build 22000 (10.0.22000.708)

CPU:total 12 (initial active 12) (6 cores per cpu, 2 threads per core) family 6 model 141 stepping 1, cmov, cx8, fxsr, mmx, sse, sse2, sse3, ssse3, sse4.1, sse4.2, popcnt, avx, avx2, aes, clmul, erms, 3dnowpref, lzcnt, ht, tsc, tscinvbit, bmi1, bmi2, adx

Memory: 4k page, physical 16551224k(2690048k free), swap 48335412k(92k free)

vm_info: Java HotSpot(TM) 64-Bit Server VM (25.202-b08) for windows-amd64 JRE (1.8.0_202-b08), built on Dec 15 2018 19:54:30 by "java_re" with MS VC++ 10.0 (VS2010)

time: Sat Aug 06 19:13:08 2022
timezone: SE Asia Standard Time
elapsed time: 0 seconds (0d 0h 0m 0s)

